11 [139856212277056] INFO perfrun.launcher <> - Launcher main begin
12 [139856212277056] INFO perfrun.launcher <> - MessageCatalogInit finished
12 [139856212277056] INFO perfrun.launcher <> - Launcher instance created
12 [139856212277056] INFO perfrun.launcher <> - argc = 6; cmdline = /home/taha/intel/oneapi/vtune/2021.6.0/bin64/amplxe-runss -dump-vdso -r /home/taha/gcn/profiling/cora/gcn_inference/r005hs --tmp-dir /tmp/amplxe-tmp-taha 
62 [139856212277056] INFO perfrun.launcher <> - create msngr2::ICliToolContext
62 [139856212277056] INFO perfrun.launcher <> - create file finder object
76 [139856081479424] INFO perfrun.launcher <> - plugin [remoteplug] was disabled because it doesn't support the given collection type.
76 [139856081479424] INFO perfrun.launcher <> - plugin [system] was disabled because it doesn't support the given collection type.
76 [139856081479424] INFO perfrun.vdso <> - dumping [vdso] pseudomodule
82 [139856081479424] INFO perfrun.launcher <> - plugin [itt] was disabled because it doesn't support the given collection type.
82 [139856081479424] INFO perfrun.launcher <> - plugin [ptracecollector] was disabled because it doesn't support the given collection type.
82 [139856081479424] INFO perfrun.launcher <> - plugin [gpu] was disabled because it doesn't support the given collection type.
82 [139856081479424] INFO perfrun.launcher <> - plugin [] was disabled because it doesn't support the given collection type.
82 [139856081479424] INFO perfrun.launcher <> - plugin [] was disabled because it doesn't support the given collection type.
82 [139856081479424] INFO perfrun.launcher <> - plugin [] was disabled because it doesn't support the given collection type.
82 [139856081479424] INFO perfrun.launcher <> - plugin [mrte] was disabled because it doesn't support the given collection type.
82 [139856081479424] INFO perfrun.launcher <> - plugin [emon] was disabled because it doesn't support the given collection type.
82 [139856081479424] INFO perfrun.launcher <> - plugin [cuscol] was disabled because it doesn't support the given collection type.
82 [139856081479424] INFO perfrun.launcher <> - plugin [stdsrc] was disabled because it doesn't support the given collection type.
82 [139856081479424] INFO perfrun.launcher <> - plugin [sep] was disabled because it doesn't support the given collection type.
82 [139856081479424] INFO perfrun.launcher <> - plugin [vtsspp] was disabled because it doesn't support the given collection type.
82 [139856081479424] INFO perfrun.launcher <> - plugin [perf] was disabled because it doesn't support the given collection type.
82 [139856081479424] INFO perfrun.launcher <> - plugin [aoclprofile] was disabled because it doesn't support the given collection type.
82 [139856081479424] INFO perfrun.launcher <> - plugin [tpss] was disabled because it doesn't support the given collection type.
82 [139856081479424] INFO perfrun.launcher <> - plugin [exprof] was disabled because it doesn't support the given collection type.
82 [139856081479424] INFO perfrun.launcher <> - plugin [media] was disabled because it doesn't support the given collection type.
82 [139856081479424] INFO perfrun.launcher <> - plugin [] was disabled because it doesn't support the given collection type.
82 [139856081479424] INFO perfrun.launcher <> - plugin [] was disabled because it doesn't support the given collection type.
82 [139856081479424] INFO perfrun.launcher <> - plugin [parallelfs] was disabled because it doesn't support the given collection type.
82 [139856081479424] INFO perfrun.launcher <> - plugin [power] was disabled because it doesn't support the given collection type.
82 [139856081479424] INFO perfrun.launcher <> - plugin [hwloc] was disabled because it doesn't support the given collection type.
82 [139856081479424] INFO perfrun.launcher <> - plugin [ipmwatch] was disabled because it doesn't support the given collection type.
82 [139856081479424] INFO perfrun.launcher <> - plugin [os_counters] was disabled because it doesn't support the given collection type.
82 [139856212277056] INFO perfrun.launcher <> - Application exit code: 0
82 [139856212277056] INFO perfrun.launcher <> - Exit code: 0
