11 [140138028619584] INFO perfrun.launcher <> - Launcher main begin
12 [140138028619584] INFO perfrun.launcher <> - MessageCatalogInit finished
12 [140138028619584] INFO perfrun.launcher <> - Launcher instance created
12 [140138028619584] INFO perfrun.launcher <> - argc = 7; cmdline = /home/taha/intel/oneapi/vtune/2021.6.0/bin64/amplxe-runss --ui-output-format xml --ui-output-fd 5 --option-file /home/taha/gcn/profiling/cora/gcn_inference/r005hs/config/runss.options 
59 [140138028619584] INFO perfrun.launcher <> - create msngr2::ICliToolContext
59 [140138028619584] INFO perfrun.launcher <> - create file finder object
59 [140138028619584] INFO perfrun.launcher <> - create a result directory: pattern = /home/taha/gcn/profiling/cora/gcn_inference/r005hs pid = 4294967295
62 [140138028619584] INFO perfrun.sdk <> - checked that the directory /home/taha/gcn/profiling/cora/gcn_inference/r005hs is a local directory
62 [140138028619584] INFO perfrun.sdk <> - the directory /home/taha/gcn/profiling/cora/gcn_inference/r005hs is a local directory with FS type ID 61267
62 [140138028619584] INFO perfrun.launcher <> - create data directory = /home/taha/gcn/profiling/cora/gcn_inference/r005hs/data.0
62 [140138028619584] INFO perfrun.launcher <> - Creating the master collection flag
65 [140138028619584] INFO perfrun.launcher <> - Done creating the master collection flag
78 [140137897821952] INFO perfrun.launcher <> - plugin [remoteplug] was disabled because it doesn't support the given collection type.
78 [140137897821952] INFO perfrun.sdk <> - Allocating TMU :/home/taha/gcn/profiling/cora/gcn_inference/r005hs/data.0/systemcollector-9360-erciyes.sc
78 [140137897821952] INFO perfrun.system <> - Tpss based collection
79 [140137897821952] INFO perfrun.launcher <> - plugin [ptracecollector] was disabled because it doesn't support the given collection type.
79 [140137897821952] INFO perfrun.launcher <> - plugin [gpu] was disabled because it doesn't support the given collection type.
79 [140137897821952] INFO perfrun.launcher <> - plugin [] was disabled because it doesn't support the given collection type.
79 [140137897821952] INFO perfrun.launcher <> - plugin [] was disabled because it doesn't support the given collection type.
79 [140137897821952] INFO perfrun.launcher <> - plugin [] was disabled because it doesn't support the given collection type.
79 [140137897821952] INFO perfrun.mrte <> - system-wide mode is 0
79 [140137897821952] INFO perfrun.mrte <> - Getting  mrte profiling environment ...
102 [140137897821952] INFO perfrun.mrte <> - INTEL_MRTE_DATA_DIR=/home/taha/gcn/profiling/cora/gcn_inference/r005hs/data.0
102 [140137897821952] INFO perfrun.mrte <> - INTEL_MRTE_HOST_NAME=erciyes
102 [140137897821952] INFO perfrun.mrte <> - JAVA_TOOL_OPTIONS=-agentlib:amplxe_tpssmrte_javaprof_1.0 -Dsun.boot.library.path=/home/taha/intel/oneapi/vtune/2021.6.0/lib32/runtime:/home/taha/intel/oneapi/vtune/2021.6.0/lib64/runtime
102 [140137897821952] INFO perfrun.mrte <> - Data directory: /home/taha/gcn/profiling/cora/gcn_inference/r005hs/data.0
102 [140137897821952] INFO perfrun.mrte <> - Mrte plugin is initialized
102 [140137897821952] INFO perfrun.launcher <> - plugin [emon] was disabled because it doesn't support the given collection type.
102 [140137897821952] INFO perfrun.launcher <> - plugin [cuscol] was disabled because it doesn't support the given collection type.
102 [140137897821952] INFO perfrun.launcher <> - plugin [stdsrc] was disabled because it doesn't support the given collection type.
102 [140137897821952] INFO perfrun.launcher <> - plugin [sep] was disabled because it doesn't support the given collection type.
102 [140137897821952] INFO perfrun.launcher <> - plugin [vtsspp] was disabled because it doesn't support the given collection type.
102 [140137897821952] INFO perfrun.launcher <> - plugin [perf] was disabled because it doesn't support the given collection type.
102 [140137897821952] INFO perfrun.launcher <> - plugin [aoclprofile] was disabled because it doesn't support the given collection type.
102 [140137897821952] INFO perfrun.tpss <> - initialize tpss controller
102 [140137897821952] INFO perfrun.tpss <> - configure collection mode: value = cpu:counters:nostack
102 [140137897821952] INFO perfrun.tpss <> - configure collection mode: value = cpu:stack
102 [140137897821952] INFO perfrun.tpss <> - default obj-size-min=1024
102 [140137897821952] INFO perfrun.tpss <> - default hash-table-size=0
102 [140137897821952] INFO perfrun.launcher <> - plugin [exprof] was disabled because it doesn't support the given collection type.
102 [140137897821952] INFO perfrun.launcher <> - plugin [media] was disabled because it doesn't support the given collection type.
102 [140137897821952] INFO perfrun.launcher <> - plugin [] was disabled because it doesn't support the given collection type.
103 [140137897821952] INFO perfrun.launcher <> - plugin [] was disabled because it doesn't support the given collection type.
103 [140137897821952] INFO perfrun.launcher <> - plugin [parallelfs] was disabled because it doesn't support the given collection type.
103 [140137897821952] INFO perfrun.launcher <> - plugin [power] was disabled because it doesn't support the given collection type.
103 [140137897821952] INFO perfrun.launcher <> - plugin [hwloc] was disabled because it doesn't support the given collection type.
103 [140137897821952] INFO perfrun.launcher <> - plugin [ipmwatch] was disabled because it doesn't support the given collection type.
103 [140137897821952] INFO perfrun.launcher <> - plugin [os_counters] was disabled because it doesn't support the given collection type.
103 [140138028619584] INFO perfrun.launcher <> - set environment variable: LD_LIBRARY_PATH = /home/taha/intel/oneapi/vtune/2021.6.0/lib32/runtime:/home/taha/intel/oneapi/vtune/2021.6.0/lib64/runtime
103 [140138028619584] INFO perfrun.launcher <> - set environment variable: INTEL_LIBITTNOTIFY32 = /home/taha/intel/oneapi/vtune/2021.6.0/lib32/runtime/libittnotify_collector.so
103 [140138028619584] INFO perfrun.launcher <> - set environment variable: INTEL_LIBITTNOTIFY64 = /home/taha/intel/oneapi/vtune/2021.6.0/lib64/runtime/libittnotify_collector.so
103 [140138028619584] INFO perfrun.launcher <> - set environment variable: INTEL_ITTNOTIFY_GROUPS = 
103 [140138028619584] INFO perfrun.launcher <> - set environment variable: INTEL_JIT_PROFILER32 = /home/taha/intel/oneapi/vtune/2021.6.0/lib32/runtime/libittnotify_collector.so
103 [140138028619584] INFO perfrun.launcher <> - set environment variable: INTEL_JIT_PROFILER64 = /home/taha/intel/oneapi/vtune/2021.6.0/lib64/runtime/libittnotify_collector.so
103 [140138028619584] INFO perfrun.launcher <> - set environment variable: VS_PROFILER = libittnotify_collector.so
103 [140138028619584] INFO perfrun.launcher <> - set environment variable: OMP_TOOL_LIBRARIES = /home/taha/intel/oneapi/vtune/2021.6.0/lib32/runtime/libittnotify_collector.so:/home/taha/intel/oneapi/vtune/2021.6.0/lib64/runtime/libittnotify_collector.so
103 [140138028619584] INFO perfrun.launcher <> - set environment variable: ENABLE_JITPROFILING = 1
103 [140138028619584] INFO perfrun.launcher <> - set environment variable: CL_CONFIG_USE_VTUNE = True
103 [140138028619584] INFO perfrun.launcher <> - set environment variable: KMP_FORKJOIN_FRAMES = 0
103 [140138028619584] INFO perfrun.launcher <> - set environment variable: KMP_FORKJOIN_FRAMES_MODE = 0
103 [140138028619584] INFO perfrun.launcher <> - set environment variable: OMP_TOOL = disabled
103 [140138028619584] INFO perfrun.launcher <> - set environment variable: INTEL_MRTE_DATA_DIR = /home/taha/gcn/profiling/cora/gcn_inference/r005hs/data.0
103 [140138028619584] INFO perfrun.launcher <> - set environment variable: INTEL_MRTE_HOST_NAME = erciyes
103 [140138028619584] INFO perfrun.launcher <> - set environment variable: JAVA_TOOL_OPTIONS = -agentlib:amplxe_tpssmrte_javaprof_1.0 -Dsun.boot.library.path=/home/taha/intel/oneapi/vtune/2021.6.0/lib32/runtime:/home/taha/intel/oneapi/vtune/2021.6.0/lib64/runtime
103 [140138028619584] INFO perfrun.launcher <> - RpcServer: run RPC server to handle requests
104 [140138028619584] INFO perfrun.launcher <> - Launcher: command line to start before modification = ./dgl_.py
104 [140138028619584] INFO perfrun.launcher <> - Launcher: command line to start after modification = /home/taha/intel/oneapi/vtune/2021.6.0/bin64/pin -error_file /home/taha/gcn/profiling/cora/gcn_inference/r005hs/data.0/pinerr.tpsslog -detach_reattach -follow_execv -tool_load_option deepbind -t64 /home/taha/intel/oneapi/vtune/2021.6.0/lib64/libtpsstool.so -t /home/taha/intel/oneapi/vtune/2021.6.0/lib32/libtpsstool.so -server_name tpss_ipc.9360 -prd_dir /home/taha/intel/oneapi/vtune/2021.6.0 -- ./dgl_.py
104 [140138028619584] INFO perfrun.launcher <> - ProcessCreator object was created
105 [140138028619584] INFO perfrun.launcher <> - Launcher: the process was started in suspend mode
110 [140137897821952] WARN perfrun.system <> - Could not do anything with /sys/kernel/debug/kvm: boost::filesystem::status: Permission denied: "/sys/kernel/debug/kvm", at file: vcs/perfrun1/plugins/system/src/trace_writer.cpp:797
110 [140137897821952] WARN perfrun.system <> - Folder "/var/run/libvirt/qemu/"doesn't exist, at file: vcs/perfrun1/plugins/system/src/trace_writer.cpp:810
114 [140137897821952] INFO perfrun.sdk <> - runCmd: "/home/taha/intel/oneapi/vtune/2021.6.0/bin64/sep" -platform-info
130 [140137897821952] WARN perfrun.system <> - SEP driver is not available, at file: vcs/perfrun1/plugins/system/src/device_mapper.cpp:657
131 [140137897821952] INFO perfrun.sdk <> - runCmd: "/home/taha/intel/oneapi/vtune/2021.6.0/bin64/amplxe-perf" stat --iiostat=show
139 [140137897821952] WARN perfrun.system <> - Device mapping through perf is not available on current kernel, at file: vcs/perfrun1/plugins/system/src/device_mapper.cpp:855
151 [140137897821952] INFO perfrun.sdk <> - runCmd: "/home/taha/intel/oneapi/vtune/2021.6.0/bin64/sep" -platform-info
167 [140137897821952] WARN perfrun.system <> - SEP driver is not available, at file: vcs/perfrun1/plugins/system/src/device_mapper.cpp:657
168 [140137897821952] WARN perfrun.sdk <> - Failed to find xl binary on any of the system paths: /bin, /sbin, /usr/bin, /usr/sbin., at file: vcs/perfrun1/sdk/src/utils.cpp:197
168 [140137897821952] WARN perfrun.system <> - Could not start ContainerMapping collector, at file: vcs/perfrun1/plugins/system/src/controller.cpp:457
262 [140137897821952] INFO perfrun.vdso <> - Helper runtool '/home/taha/intel/oneapi/vtune/2021.6.0/bin32/amplxe-runss -dump-vdso -r /home/taha/gcn/profiling/cora/gcn_inference/r005hs --tmp-dir /tmp/amplxe-tmp-taha' returned 0
397 [140137897821952] INFO perfrun.vdso <> - Helper runtool '/home/taha/intel/oneapi/vtune/2021.6.0/bin64/amplxe-runss -dump-vdso -r /home/taha/gcn/profiling/cora/gcn_inference/r005hs --tmp-dir /tmp/amplxe-tmp-taha' returned 0
397 [140137897821952] INFO perfrun.itt <> - start itt controller for pid #9365
397 [140137897821952] INFO perfrun.tpss <> - start tpss controller for pid #9365
448 [140138028619584] INFO perfrun.launcher <> - Launcher: all plugins were started
448 [140138028619584] INFO perfrun.launcher <> - DirectoryMonitor object was created
448 [140138028619584] INFO perfrun.launcher <> - DirectoryMonitor: a callback was added
448 [140138028619584] INFO perfrun.launcher <> - DirectoryMonitor was started with pingTime = 1000
448 [140138028619584] INFO perfrun.launcher <> - DeadlineTimer is going to be constructed
448 [140138028619584] INFO perfrun.launcher <> - DeadlineTimer: a callback was added
455 [140138028619584] INFO perfrun.launcher <> - Launcher: resume the profiled application and  wait its termination or stop command
12276 [140138028619584] INFO perfrun.launcher <> - Launcher: the profiled application was terminated  with exit code = 0
12311 [140137897821952] INFO perfrun.itt <> - stop itt controller
12311 [140137897821952] INFO perfrun.itt <> - detach itt controller
12311 [140137897821952] INFO perfrun.tpss <> - stop tpss controller
12312 [140137897821952] INFO perfrun.sdk <> - De-allocating TMU: /home/taha/gcn/profiling/cora/gcn_inference/r005hs/data.0/systemcollector-9360-erciyes.sc
12312 [140137897821952] INFO perfrun.system <> - closed the system trace file: /home/taha/gcn/profiling/cora/gcn_inference/r005hs/data.0/systemcollector-9360-erciyes.sc
12312 [140138028619584] INFO perfrun.launcher <> - Launcher: all plugins were stopped.
12312 [140138028619584] INFO perfrun.launcher <> - DeadlineTimer is going to be destroyed
12313 [140138028619584] INFO perfrun.launcher <> - DeadlineTimer was destroyed
12313 [140138028619584] INFO perfrun.launcher <> - DirectoryMonitor object was destroyed
12313 [140138028619584] WARN perfrun.launcher <> - Stop command is ignored because it is received when collection is already stopped, at file: vcs/perfrun1/launcher/src/command_handler.cpp:212
12315 [140138028619584] INFO perfrun.launcher <> - Application exit code: 0
12315 [140138028619584] INFO perfrun.launcher <> - Exit code: 0
