11 [139953240053568] INFO perfrun.launcher <> - Launcher main begin
12 [139953240053568] INFO perfrun.launcher <> - MessageCatalogInit finished
12 [139953240053568] INFO perfrun.launcher <> - Launcher instance created
12 [139953240053568] INFO perfrun.launcher <> - argc = 7; cmdline = /home/taha/intel/oneapi/vtune/2021.6.0/bin64/amplxe-runss --ui-output-format xml --ui-output-fd 5 --option-file /home/taha/gcn/profiling/cora/gcn_inference/r003hs/config/runss.options 
61 [139953240053568] INFO perfrun.launcher <> - create msngr2::ICliToolContext
62 [139953240053568] INFO perfrun.launcher <> - create file finder object
62 [139953240053568] INFO perfrun.launcher <> - create a result directory: pattern = /home/taha/gcn/profiling/cora/gcn_inference/r003hs pid = 4294967295
64 [139953240053568] INFO perfrun.sdk <> - checked that the directory /home/taha/gcn/profiling/cora/gcn_inference/r003hs is a local directory
64 [139953240053568] INFO perfrun.sdk <> - the directory /home/taha/gcn/profiling/cora/gcn_inference/r003hs is a local directory with FS type ID 61267
64 [139953240053568] INFO perfrun.launcher <> - create data directory = /home/taha/gcn/profiling/cora/gcn_inference/r003hs/data.0
64 [139953240053568] INFO perfrun.launcher <> - Creating the master collection flag
69 [139953240053568] INFO perfrun.launcher <> - Done creating the master collection flag
82 [139953109255936] INFO perfrun.launcher <> - plugin [remoteplug] was disabled because it doesn't support the given collection type.
83 [139953109255936] INFO perfrun.sdk <> - Allocating TMU :/home/taha/gcn/profiling/cora/gcn_inference/r003hs/data.0/systemcollector-8800-erciyes.sc
83 [139953109255936] INFO perfrun.system <> - Tpss based collection
83 [139953109255936] INFO perfrun.launcher <> - plugin [ptracecollector] was disabled because it doesn't support the given collection type.
83 [139953109255936] INFO perfrun.launcher <> - plugin [gpu] was disabled because it doesn't support the given collection type.
83 [139953109255936] INFO perfrun.launcher <> - plugin [] was disabled because it doesn't support the given collection type.
83 [139953109255936] INFO perfrun.launcher <> - plugin [] was disabled because it doesn't support the given collection type.
83 [139953109255936] INFO perfrun.launcher <> - plugin [] was disabled because it doesn't support the given collection type.
83 [139953109255936] INFO perfrun.mrte <> - system-wide mode is 0
83 [139953109255936] INFO perfrun.mrte <> - Getting  mrte profiling environment ...
106 [139953109255936] INFO perfrun.mrte <> - INTEL_MRTE_DATA_DIR=/home/taha/gcn/profiling/cora/gcn_inference/r003hs/data.0
106 [139953109255936] INFO perfrun.mrte <> - INTEL_MRTE_HOST_NAME=erciyes
106 [139953109255936] INFO perfrun.mrte <> - JAVA_TOOL_OPTIONS=-agentlib:amplxe_tpssmrte_javaprof_1.0 -Dsun.boot.library.path=/home/taha/intel/oneapi/vtune/2021.6.0/lib32/runtime:/home/taha/intel/oneapi/vtune/2021.6.0/lib64/runtime
106 [139953109255936] INFO perfrun.mrte <> - Data directory: /home/taha/gcn/profiling/cora/gcn_inference/r003hs/data.0
106 [139953109255936] INFO perfrun.mrte <> - Mrte plugin is initialized
106 [139953109255936] INFO perfrun.launcher <> - plugin [emon] was disabled because it doesn't support the given collection type.
106 [139953109255936] INFO perfrun.launcher <> - plugin [cuscol] was disabled because it doesn't support the given collection type.
106 [139953109255936] INFO perfrun.launcher <> - plugin [stdsrc] was disabled because it doesn't support the given collection type.
106 [139953109255936] INFO perfrun.launcher <> - plugin [sep] was disabled because it doesn't support the given collection type.
106 [139953109255936] INFO perfrun.launcher <> - plugin [vtsspp] was disabled because it doesn't support the given collection type.
106 [139953109255936] INFO perfrun.launcher <> - plugin [perf] was disabled because it doesn't support the given collection type.
106 [139953109255936] INFO perfrun.launcher <> - plugin [aoclprofile] was disabled because it doesn't support the given collection type.
106 [139953109255936] INFO perfrun.tpss <> - initialize tpss controller
106 [139953109255936] INFO perfrun.tpss <> - configure collection mode: value = cpu:counters:nostack
106 [139953109255936] INFO perfrun.tpss <> - configure collection mode: value = cpu:stack
107 [139953109255936] INFO perfrun.tpss <> - default obj-size-min=1024
107 [139953109255936] INFO perfrun.tpss <> - default hash-table-size=0
107 [139953109255936] INFO perfrun.launcher <> - plugin [exprof] was disabled because it doesn't support the given collection type.
107 [139953109255936] INFO perfrun.launcher <> - plugin [media] was disabled because it doesn't support the given collection type.
107 [139953109255936] INFO perfrun.launcher <> - plugin [] was disabled because it doesn't support the given collection type.
107 [139953109255936] INFO perfrun.launcher <> - plugin [] was disabled because it doesn't support the given collection type.
107 [139953109255936] INFO perfrun.launcher <> - plugin [parallelfs] was disabled because it doesn't support the given collection type.
107 [139953109255936] INFO perfrun.launcher <> - plugin [power] was disabled because it doesn't support the given collection type.
107 [139953109255936] INFO perfrun.launcher <> - plugin [hwloc] was disabled because it doesn't support the given collection type.
107 [139953109255936] INFO perfrun.launcher <> - plugin [ipmwatch] was disabled because it doesn't support the given collection type.
107 [139953109255936] INFO perfrun.launcher <> - plugin [os_counters] was disabled because it doesn't support the given collection type.
107 [139953240053568] INFO perfrun.launcher <> - set environment variable: LD_LIBRARY_PATH = /home/taha/intel/oneapi/vtune/2021.6.0/lib32/runtime:/home/taha/intel/oneapi/vtune/2021.6.0/lib64/runtime
107 [139953240053568] INFO perfrun.launcher <> - set environment variable: INTEL_LIBITTNOTIFY32 = /home/taha/intel/oneapi/vtune/2021.6.0/lib32/runtime/libittnotify_collector.so
107 [139953240053568] INFO perfrun.launcher <> - set environment variable: INTEL_LIBITTNOTIFY64 = /home/taha/intel/oneapi/vtune/2021.6.0/lib64/runtime/libittnotify_collector.so
107 [139953240053568] INFO perfrun.launcher <> - set environment variable: INTEL_ITTNOTIFY_GROUPS = 
107 [139953240053568] INFO perfrun.launcher <> - set environment variable: INTEL_JIT_PROFILER32 = /home/taha/intel/oneapi/vtune/2021.6.0/lib32/runtime/libittnotify_collector.so
107 [139953240053568] INFO perfrun.launcher <> - set environment variable: INTEL_JIT_PROFILER64 = /home/taha/intel/oneapi/vtune/2021.6.0/lib64/runtime/libittnotify_collector.so
107 [139953240053568] INFO perfrun.launcher <> - set environment variable: VS_PROFILER = libittnotify_collector.so
107 [139953240053568] INFO perfrun.launcher <> - set environment variable: OMP_TOOL_LIBRARIES = /home/taha/intel/oneapi/vtune/2021.6.0/lib32/runtime/libittnotify_collector.so:/home/taha/intel/oneapi/vtune/2021.6.0/lib64/runtime/libittnotify_collector.so
107 [139953240053568] INFO perfrun.launcher <> - set environment variable: ENABLE_JITPROFILING = 1
107 [139953240053568] INFO perfrun.launcher <> - set environment variable: CL_CONFIG_USE_VTUNE = True
107 [139953240053568] INFO perfrun.launcher <> - set environment variable: KMP_FORKJOIN_FRAMES = 0
107 [139953240053568] INFO perfrun.launcher <> - set environment variable: KMP_FORKJOIN_FRAMES_MODE = 0
107 [139953240053568] INFO perfrun.launcher <> - set environment variable: OMP_TOOL = disabled
108 [139953240053568] INFO perfrun.launcher <> - set environment variable: INTEL_MRTE_DATA_DIR = /home/taha/gcn/profiling/cora/gcn_inference/r003hs/data.0
108 [139953240053568] INFO perfrun.launcher <> - set environment variable: INTEL_MRTE_HOST_NAME = erciyes
108 [139953240053568] INFO perfrun.launcher <> - set environment variable: JAVA_TOOL_OPTIONS = -agentlib:amplxe_tpssmrte_javaprof_1.0 -Dsun.boot.library.path=/home/taha/intel/oneapi/vtune/2021.6.0/lib32/runtime:/home/taha/intel/oneapi/vtune/2021.6.0/lib64/runtime
108 [139953240053568] INFO perfrun.launcher <> - RpcServer: run RPC server to handle requests
108 [139953240053568] INFO perfrun.launcher <> - Launcher: command line to start before modification = ./pytg.py
108 [139953240053568] INFO perfrun.launcher <> - Launcher: command line to start after modification = /home/taha/intel/oneapi/vtune/2021.6.0/bin64/pin -error_file /home/taha/gcn/profiling/cora/gcn_inference/r003hs/data.0/pinerr.tpsslog -detach_reattach -follow_execv -tool_load_option deepbind -t64 /home/taha/intel/oneapi/vtune/2021.6.0/lib64/libtpsstool.so -t /home/taha/intel/oneapi/vtune/2021.6.0/lib32/libtpsstool.so -server_name tpss_ipc.8800 -prd_dir /home/taha/intel/oneapi/vtune/2021.6.0 -- ./pytg.py
108 [139953240053568] INFO perfrun.launcher <> - ProcessCreator object was created
109 [139953240053568] INFO perfrun.launcher <> - Launcher: the process was started in suspend mode
114 [139953109255936] WARN perfrun.system <> - Could not do anything with /sys/kernel/debug/kvm: boost::filesystem::status: Permission denied: "/sys/kernel/debug/kvm", at file: vcs/perfrun1/plugins/system/src/trace_writer.cpp:797
114 [139953109255936] WARN perfrun.system <> - Folder "/var/run/libvirt/qemu/"doesn't exist, at file: vcs/perfrun1/plugins/system/src/trace_writer.cpp:810
118 [139953109255936] INFO perfrun.sdk <> - runCmd: "/home/taha/intel/oneapi/vtune/2021.6.0/bin64/sep" -platform-info
136 [139953109255936] WARN perfrun.system <> - SEP driver is not available, at file: vcs/perfrun1/plugins/system/src/device_mapper.cpp:657
136 [139953109255936] INFO perfrun.sdk <> - runCmd: "/home/taha/intel/oneapi/vtune/2021.6.0/bin64/amplxe-perf" stat --iiostat=show
144 [139953109255936] WARN perfrun.system <> - Device mapping through perf is not available on current kernel, at file: vcs/perfrun1/plugins/system/src/device_mapper.cpp:855
157 [139953109255936] INFO perfrun.sdk <> - runCmd: "/home/taha/intel/oneapi/vtune/2021.6.0/bin64/sep" -platform-info
173 [139953109255936] WARN perfrun.system <> - SEP driver is not available, at file: vcs/perfrun1/plugins/system/src/device_mapper.cpp:657
173 [139953109255936] WARN perfrun.sdk <> - Failed to find xl binary on any of the system paths: /bin, /sbin, /usr/bin, /usr/sbin., at file: vcs/perfrun1/sdk/src/utils.cpp:197
174 [139953109255936] WARN perfrun.system <> - Could not start ContainerMapping collector, at file: vcs/perfrun1/plugins/system/src/controller.cpp:457
271 [139953109255936] INFO perfrun.vdso <> - Helper runtool '/home/taha/intel/oneapi/vtune/2021.6.0/bin32/amplxe-runss -dump-vdso -r /home/taha/gcn/profiling/cora/gcn_inference/r003hs --tmp-dir /tmp/amplxe-tmp-taha' returned 0
407 [139953109255936] INFO perfrun.vdso <> - Helper runtool '/home/taha/intel/oneapi/vtune/2021.6.0/bin64/amplxe-runss -dump-vdso -r /home/taha/gcn/profiling/cora/gcn_inference/r003hs --tmp-dir /tmp/amplxe-tmp-taha' returned 0
407 [139953109255936] INFO perfrun.itt <> - start itt controller for pid #8805
407 [139953109255936] INFO perfrun.tpss <> - start tpss controller for pid #8805
458 [139953240053568] INFO perfrun.launcher <> - Launcher: all plugins were started
458 [139953240053568] INFO perfrun.launcher <> - DirectoryMonitor object was created
458 [139953240053568] INFO perfrun.launcher <> - DirectoryMonitor: a callback was added
458 [139953240053568] INFO perfrun.launcher <> - DirectoryMonitor was started with pingTime = 1000
458 [139953240053568] INFO perfrun.launcher <> - DeadlineTimer is going to be constructed
458 [139953240053568] INFO perfrun.launcher <> - DeadlineTimer: a callback was added
464 [139953240053568] INFO perfrun.launcher <> - Launcher: resume the profiled application and  wait its termination or stop command
13801 [139953240053568] INFO perfrun.launcher <> - Launcher: the profiled application was terminated  with exit code = 0
13834 [139953109255936] INFO perfrun.itt <> - stop itt controller
13834 [139953109255936] INFO perfrun.itt <> - detach itt controller
13834 [139953109255936] INFO perfrun.tpss <> - stop tpss controller
13835 [139953109255936] INFO perfrun.sdk <> - De-allocating TMU: /home/taha/gcn/profiling/cora/gcn_inference/r003hs/data.0/systemcollector-8800-erciyes.sc
13835 [139953109255936] INFO perfrun.system <> - closed the system trace file: /home/taha/gcn/profiling/cora/gcn_inference/r003hs/data.0/systemcollector-8800-erciyes.sc
13835 [139953240053568] INFO perfrun.launcher <> - Launcher: all plugins were stopped.
13835 [139953240053568] INFO perfrun.launcher <> - DeadlineTimer is going to be destroyed
13835 [139953240053568] INFO perfrun.launcher <> - DeadlineTimer was destroyed
13835 [139953240053568] INFO perfrun.launcher <> - DirectoryMonitor object was destroyed
13835 [139953240053568] WARN perfrun.launcher <> - Stop command is ignored because it is received when collection is already stopped, at file: vcs/perfrun1/launcher/src/command_handler.cpp:212
13837 [139953240053568] INFO perfrun.launcher <> - Application exit code: 0
13837 [139953240053568] INFO perfrun.launcher <> - Exit code: 0
