12 [139884974942016] INFO perfrun.launcher <> - Launcher main begin
13 [139884974942016] INFO perfrun.launcher <> - MessageCatalogInit finished
13 [139884974942016] INFO perfrun.launcher <> - Launcher instance created
13 [139884974942016] INFO perfrun.launcher <> - argc = 6; cmdline = /home/taha/intel/oneapi/vtune/2021.6.0/bin64/amplxe-runss -dump-vdso -r /home/taha/benchmark/bm_files/gcnPractise/cpu/r012hs --tmp-dir /tmp/amplxe-tmp-taha 
61 [139884974942016] INFO perfrun.launcher <> - create msngr2::ICliToolContext
61 [139884974942016] INFO perfrun.launcher <> - create file finder object
74 [139884844144384] INFO perfrun.launcher <> - plugin [remoteplug] was disabled because it doesn't support the given collection type.
74 [139884844144384] INFO perfrun.launcher <> - plugin [system] was disabled because it doesn't support the given collection type.
74 [139884844144384] INFO perfrun.vdso <> - dumping [vdso] pseudomodule
79 [139884844144384] INFO perfrun.launcher <> - plugin [itt] was disabled because it doesn't support the given collection type.
79 [139884844144384] INFO perfrun.launcher <> - plugin [ptracecollector] was disabled because it doesn't support the given collection type.
79 [139884844144384] INFO perfrun.launcher <> - plugin [gpu] was disabled because it doesn't support the given collection type.
79 [139884844144384] INFO perfrun.launcher <> - plugin [] was disabled because it doesn't support the given collection type.
79 [139884844144384] INFO perfrun.launcher <> - plugin [] was disabled because it doesn't support the given collection type.
79 [139884844144384] INFO perfrun.launcher <> - plugin [] was disabled because it doesn't support the given collection type.
79 [139884844144384] INFO perfrun.launcher <> - plugin [mrte] was disabled because it doesn't support the given collection type.
79 [139884844144384] INFO perfrun.launcher <> - plugin [emon] was disabled because it doesn't support the given collection type.
80 [139884844144384] INFO perfrun.launcher <> - plugin [cuscol] was disabled because it doesn't support the given collection type.
80 [139884844144384] INFO perfrun.launcher <> - plugin [stdsrc] was disabled because it doesn't support the given collection type.
80 [139884844144384] INFO perfrun.launcher <> - plugin [sep] was disabled because it doesn't support the given collection type.
80 [139884844144384] INFO perfrun.launcher <> - plugin [vtsspp] was disabled because it doesn't support the given collection type.
80 [139884844144384] INFO perfrun.launcher <> - plugin [perf] was disabled because it doesn't support the given collection type.
80 [139884844144384] INFO perfrun.launcher <> - plugin [aoclprofile] was disabled because it doesn't support the given collection type.
80 [139884844144384] INFO perfrun.launcher <> - plugin [tpss] was disabled because it doesn't support the given collection type.
80 [139884844144384] INFO perfrun.launcher <> - plugin [exprof] was disabled because it doesn't support the given collection type.
80 [139884844144384] INFO perfrun.launcher <> - plugin [media] was disabled because it doesn't support the given collection type.
80 [139884844144384] INFO perfrun.launcher <> - plugin [] was disabled because it doesn't support the given collection type.
80 [139884844144384] INFO perfrun.launcher <> - plugin [] was disabled because it doesn't support the given collection type.
80 [139884844144384] INFO perfrun.launcher <> - plugin [parallelfs] was disabled because it doesn't support the given collection type.
80 [139884844144384] INFO perfrun.launcher <> - plugin [power] was disabled because it doesn't support the given collection type.
80 [139884844144384] INFO perfrun.launcher <> - plugin [hwloc] was disabled because it doesn't support the given collection type.
80 [139884844144384] INFO perfrun.launcher <> - plugin [ipmwatch] was disabled because it doesn't support the given collection type.
80 [139884844144384] INFO perfrun.launcher <> - plugin [os_counters] was disabled because it doesn't support the given collection type.
80 [139884974942016] INFO perfrun.launcher <> - Application exit code: 0
80 [139884974942016] INFO perfrun.launcher <> - Exit code: 0
