11 [4132108032] INFO perfrun.launcher <> - Launcher main begin
12 [4132108032] INFO perfrun.launcher <> - MessageCatalogInit finished
12 [4132108032] INFO perfrun.launcher <> - Launcher instance created
12 [4132108032] INFO perfrun.launcher <> - argc = 6; cmdline = /home/taha/intel/oneapi/vtune/2021.6.0/bin32/amplxe-runss -dump-vdso -r /home/taha/benchmark/bm_files/gcnPractise/cpu/r014hs --tmp-dir /tmp/amplxe-tmp-taha 
26 [4132108032] INFO perfrun.launcher <> - create msngr2::ICliToolContext
26 [4132108032] INFO perfrun.launcher <> - create file finder object
37 [4131289920] INFO perfrun.launcher <> - plugin [remoteplug] was disabled because it doesn't support the given collection type.
37 [4131289920] INFO perfrun.launcher <> - plugin [] was disabled because it doesn't support the given collection type.
37 [4131289920] INFO perfrun.vdso <> - dumping [vdso] pseudomodule
47 [4131289920] INFO perfrun.launcher <> - plugin [] was disabled because it doesn't support the given collection type.
47 [4131289920] INFO perfrun.launcher <> - plugin [] was disabled because it doesn't support the given collection type.
47 [4131289920] INFO perfrun.launcher <> - plugin [] was disabled because it doesn't support the given collection type.
47 [4131289920] INFO perfrun.launcher <> - plugin [] was disabled because it doesn't support the given collection type.
47 [4131289920] INFO perfrun.launcher <> - plugin [] was disabled because it doesn't support the given collection type.
47 [4131289920] INFO perfrun.launcher <> - plugin [] was disabled because it doesn't support the given collection type.
47 [4131289920] INFO perfrun.launcher <> - plugin [] was disabled because it doesn't support the given collection type.
47 [4131289920] INFO perfrun.launcher <> - plugin [] was disabled because it doesn't support the given collection type.
47 [4131289920] INFO perfrun.launcher <> - plugin [] was disabled because it doesn't support the given collection type.
47 [4131289920] INFO perfrun.launcher <> - plugin [] was disabled because it doesn't support the given collection type.
47 [4131289920] INFO perfrun.launcher <> - plugin [] was disabled because it doesn't support the given collection type.
47 [4131289920] INFO perfrun.launcher <> - plugin [] was disabled because it doesn't support the given collection type.
47 [4131289920] INFO perfrun.launcher <> - plugin [] was disabled because it doesn't support the given collection type.
47 [4131289920] INFO perfrun.launcher <> - plugin [] was disabled because it doesn't support the given collection type.
47 [4131289920] INFO perfrun.launcher <> - plugin [] was disabled because it doesn't support the given collection type.
47 [4131289920] INFO perfrun.launcher <> - plugin [] was disabled because it doesn't support the given collection type.
47 [4131289920] INFO perfrun.launcher <> - plugin [] was disabled because it doesn't support the given collection type.
47 [4131289920] INFO perfrun.launcher <> - plugin [] was disabled because it doesn't support the given collection type.
47 [4131289920] INFO perfrun.launcher <> - plugin [] was disabled because it doesn't support the given collection type.
47 [4131289920] INFO perfrun.launcher <> - plugin [] was disabled because it doesn't support the given collection type.
47 [4131289920] INFO perfrun.launcher <> - plugin [] was disabled because it doesn't support the given collection type.
47 [4131289920] INFO perfrun.launcher <> - plugin [] was disabled because it doesn't support the given collection type.
47 [4131289920] INFO perfrun.launcher <> - plugin [] was disabled because it doesn't support the given collection type.
47 [4131289920] INFO perfrun.launcher <> - plugin [] was disabled because it doesn't support the given collection type.
47 [4132108032] INFO perfrun.launcher <> - Application exit code: 0
47 [4132108032] INFO perfrun.launcher <> - Exit code: 0
