11 [139808554321728] INFO perfrun.launcher <> - Launcher main begin
12 [139808554321728] INFO perfrun.launcher <> - MessageCatalogInit finished
12 [139808554321728] INFO perfrun.launcher <> - Launcher instance created
12 [139808554321728] INFO perfrun.launcher <> - argc = 7; cmdline = /home/taha/intel/oneapi/vtune/2021.6.0/bin64/amplxe-runss --ui-output-format xml --ui-output-fd 5 --option-file /home/taha/benchmark/bm_files/gcnPractise/cpu/r013hs/config/runss.options 
63 [139808554321728] INFO perfrun.launcher <> - create msngr2::ICliToolContext
64 [139808554321728] INFO perfrun.launcher <> - create file finder object
64 [139808554321728] INFO perfrun.launcher <> - create a result directory: pattern = /home/taha/benchmark/bm_files/gcnPractise/cpu/r013hs pid = 4294967295
66 [139808554321728] INFO perfrun.sdk <> - checked that the directory /home/taha/benchmark/bm_files/gcnPractise/cpu/r013hs is a local directory
66 [139808554321728] INFO perfrun.sdk <> - the directory /home/taha/benchmark/bm_files/gcnPractise/cpu/r013hs is a local directory with FS type ID 61267
66 [139808554321728] INFO perfrun.launcher <> - create data directory = /home/taha/benchmark/bm_files/gcnPractise/cpu/r013hs/data.0
66 [139808554321728] INFO perfrun.launcher <> - Creating the master collection flag
70 [139808554321728] INFO perfrun.launcher <> - Done creating the master collection flag
84 [139808423524096] INFO perfrun.launcher <> - plugin [remoteplug] was disabled because it doesn't support the given collection type.
84 [139808423524096] INFO perfrun.sdk <> - Allocating TMU :/home/taha/benchmark/bm_files/gcnPractise/cpu/r013hs/data.0/systemcollector-3933-erciyes.sc
84 [139808423524096] INFO perfrun.system <> - Tpss based collection
85 [139808423524096] INFO perfrun.launcher <> - plugin [ptracecollector] was disabled because it doesn't support the given collection type.
85 [139808423524096] INFO perfrun.launcher <> - plugin [gpu] was disabled because it doesn't support the given collection type.
85 [139808423524096] INFO perfrun.launcher <> - plugin [] was disabled because it doesn't support the given collection type.
85 [139808423524096] INFO perfrun.launcher <> - plugin [] was disabled because it doesn't support the given collection type.
85 [139808423524096] INFO perfrun.launcher <> - plugin [] was disabled because it doesn't support the given collection type.
85 [139808423524096] INFO perfrun.mrte <> - system-wide mode is 0
85 [139808423524096] INFO perfrun.mrte <> - Getting  mrte profiling environment ...
111 [139808423524096] INFO perfrun.mrte <> - INTEL_MRTE_DATA_DIR=/home/taha/benchmark/bm_files/gcnPractise/cpu/r013hs/data.0
111 [139808423524096] INFO perfrun.mrte <> - INTEL_MRTE_HOST_NAME=erciyes
111 [139808423524096] INFO perfrun.mrte <> - JAVA_TOOL_OPTIONS=-agentlib:amplxe_tpssmrte_javaprof_1.0 -Dsun.boot.library.path=/home/taha/intel/oneapi/vtune/2021.6.0/lib32/runtime:/home/taha/intel/oneapi/vtune/2021.6.0/lib64/runtime
111 [139808423524096] INFO perfrun.mrte <> - Data directory: /home/taha/benchmark/bm_files/gcnPractise/cpu/r013hs/data.0
111 [139808423524096] INFO perfrun.mrte <> - Mrte plugin is initialized
111 [139808423524096] INFO perfrun.launcher <> - plugin [emon] was disabled because it doesn't support the given collection type.
111 [139808423524096] INFO perfrun.launcher <> - plugin [cuscol] was disabled because it doesn't support the given collection type.
111 [139808423524096] INFO perfrun.launcher <> - plugin [stdsrc] was disabled because it doesn't support the given collection type.
111 [139808423524096] INFO perfrun.launcher <> - plugin [sep] was disabled because it doesn't support the given collection type.
111 [139808423524096] INFO perfrun.launcher <> - plugin [vtsspp] was disabled because it doesn't support the given collection type.
111 [139808423524096] INFO perfrun.launcher <> - plugin [perf] was disabled because it doesn't support the given collection type.
111 [139808423524096] INFO perfrun.launcher <> - plugin [aoclprofile] was disabled because it doesn't support the given collection type.
111 [139808423524096] INFO perfrun.tpss <> - initialize tpss controller
111 [139808423524096] INFO perfrun.tpss <> - configure collection mode: value = cpu:counters:nostack
111 [139808423524096] INFO perfrun.tpss <> - configure collection mode: value = cpu:stack
111 [139808423524096] INFO perfrun.tpss <> - default obj-size-min=1024
111 [139808423524096] INFO perfrun.tpss <> - default hash-table-size=0
111 [139808423524096] INFO perfrun.launcher <> - plugin [exprof] was disabled because it doesn't support the given collection type.
111 [139808423524096] INFO perfrun.launcher <> - plugin [media] was disabled because it doesn't support the given collection type.
111 [139808423524096] INFO perfrun.launcher <> - plugin [] was disabled because it doesn't support the given collection type.
111 [139808423524096] INFO perfrun.launcher <> - plugin [] was disabled because it doesn't support the given collection type.
111 [139808423524096] INFO perfrun.launcher <> - plugin [parallelfs] was disabled because it doesn't support the given collection type.
111 [139808423524096] INFO perfrun.launcher <> - plugin [power] was disabled because it doesn't support the given collection type.
111 [139808423524096] INFO perfrun.launcher <> - plugin [hwloc] was disabled because it doesn't support the given collection type.
111 [139808423524096] INFO perfrun.launcher <> - plugin [ipmwatch] was disabled because it doesn't support the given collection type.
111 [139808423524096] INFO perfrun.launcher <> - plugin [os_counters] was disabled because it doesn't support the given collection type.
112 [139808554321728] INFO perfrun.launcher <> - set environment variable: LD_LIBRARY_PATH = /home/taha/intel/oneapi/vtune/2021.6.0/lib32/runtime:/home/taha/intel/oneapi/vtune/2021.6.0/lib64/runtime
112 [139808554321728] INFO perfrun.launcher <> - set environment variable: INTEL_LIBITTNOTIFY32 = /home/taha/intel/oneapi/vtune/2021.6.0/lib32/runtime/libittnotify_collector.so
112 [139808554321728] INFO perfrun.launcher <> - set environment variable: INTEL_LIBITTNOTIFY64 = /home/taha/intel/oneapi/vtune/2021.6.0/lib64/runtime/libittnotify_collector.so
112 [139808554321728] INFO perfrun.launcher <> - set environment variable: INTEL_ITTNOTIFY_GROUPS = 
112 [139808554321728] INFO perfrun.launcher <> - set environment variable: INTEL_JIT_PROFILER32 = /home/taha/intel/oneapi/vtune/2021.6.0/lib32/runtime/libittnotify_collector.so
112 [139808554321728] INFO perfrun.launcher <> - set environment variable: INTEL_JIT_PROFILER64 = /home/taha/intel/oneapi/vtune/2021.6.0/lib64/runtime/libittnotify_collector.so
112 [139808554321728] INFO perfrun.launcher <> - set environment variable: VS_PROFILER = libittnotify_collector.so
112 [139808554321728] INFO perfrun.launcher <> - set environment variable: OMP_TOOL_LIBRARIES = /home/taha/intel/oneapi/vtune/2021.6.0/lib32/runtime/libittnotify_collector.so:/home/taha/intel/oneapi/vtune/2021.6.0/lib64/runtime/libittnotify_collector.so
112 [139808554321728] INFO perfrun.launcher <> - set environment variable: ENABLE_JITPROFILING = 1
112 [139808554321728] INFO perfrun.launcher <> - set environment variable: CL_CONFIG_USE_VTUNE = True
112 [139808554321728] INFO perfrun.launcher <> - set environment variable: KMP_FORKJOIN_FRAMES = 0
112 [139808554321728] INFO perfrun.launcher <> - set environment variable: KMP_FORKJOIN_FRAMES_MODE = 0
113 [139808554321728] INFO perfrun.launcher <> - set environment variable: OMP_TOOL = disabled
113 [139808554321728] INFO perfrun.launcher <> - set environment variable: INTEL_MRTE_DATA_DIR = /home/taha/benchmark/bm_files/gcnPractise/cpu/r013hs/data.0
113 [139808554321728] INFO perfrun.launcher <> - set environment variable: INTEL_MRTE_HOST_NAME = erciyes
113 [139808554321728] INFO perfrun.launcher <> - set environment variable: JAVA_TOOL_OPTIONS = -agentlib:amplxe_tpssmrte_javaprof_1.0 -Dsun.boot.library.path=/home/taha/intel/oneapi/vtune/2021.6.0/lib32/runtime:/home/taha/intel/oneapi/vtune/2021.6.0/lib64/runtime
113 [139808554321728] INFO perfrun.launcher <> - RpcServer: run RPC server to handle requests
113 [139808554321728] INFO perfrun.launcher <> - Launcher: command line to start before modification = ./GCN_PyG.py
113 [139808554321728] INFO perfrun.launcher <> - Launcher: command line to start after modification = /home/taha/intel/oneapi/vtune/2021.6.0/bin64/pin -error_file /home/taha/benchmark/bm_files/gcnPractise/cpu/r013hs/data.0/pinerr.tpsslog -detach_reattach -follow_execv -tool_load_option deepbind -t64 /home/taha/intel/oneapi/vtune/2021.6.0/lib64/libtpsstool.so -t /home/taha/intel/oneapi/vtune/2021.6.0/lib32/libtpsstool.so -server_name tpss_ipc.3933 -prd_dir /home/taha/intel/oneapi/vtune/2021.6.0 -- ./GCN_PyG.py
114 [139808554321728] INFO perfrun.launcher <> - ProcessCreator object was created
115 [139808554321728] INFO perfrun.launcher <> - Launcher: the process was started in suspend mode
119 [139808423524096] WARN perfrun.system <> - Could not do anything with /sys/kernel/debug/kvm: boost::filesystem::status: Permission denied: "/sys/kernel/debug/kvm", at file: vcs/perfrun1/plugins/system/src/trace_writer.cpp:797
119 [139808423524096] WARN perfrun.system <> - Folder "/var/run/libvirt/qemu/"doesn't exist, at file: vcs/perfrun1/plugins/system/src/trace_writer.cpp:810
123 [139808423524096] INFO perfrun.sdk <> - runCmd: "/home/taha/intel/oneapi/vtune/2021.6.0/bin64/sep" -platform-info
140 [139808423524096] WARN perfrun.system <> - SEP driver is not available, at file: vcs/perfrun1/plugins/system/src/device_mapper.cpp:657
140 [139808423524096] INFO perfrun.sdk <> - runCmd: "/home/taha/intel/oneapi/vtune/2021.6.0/bin64/amplxe-perf" stat --iiostat=show
147 [139808423524096] WARN perfrun.system <> - Device mapping through perf is not available on current kernel, at file: vcs/perfrun1/plugins/system/src/device_mapper.cpp:855
154 [139808423524096] INFO perfrun.sdk <> - runCmd: "/home/taha/intel/oneapi/vtune/2021.6.0/bin64/sep" -platform-info
170 [139808423524096] WARN perfrun.system <> - SEP driver is not available, at file: vcs/perfrun1/plugins/system/src/device_mapper.cpp:657
170 [139808423524096] WARN perfrun.sdk <> - Failed to find xl binary on any of the system paths: /bin, /sbin, /usr/bin, /usr/sbin., at file: vcs/perfrun1/sdk/src/utils.cpp:197
171 [139808423524096] WARN perfrun.system <> - Could not start ContainerMapping collector, at file: vcs/perfrun1/plugins/system/src/controller.cpp:457
265 [139808423524096] INFO perfrun.vdso <> - Helper runtool '/home/taha/intel/oneapi/vtune/2021.6.0/bin32/amplxe-runss -dump-vdso -r /home/taha/benchmark/bm_files/gcnPractise/cpu/r013hs --tmp-dir /tmp/amplxe-tmp-taha' returned 0
390 [139808423524096] INFO perfrun.vdso <> - Helper runtool '/home/taha/intel/oneapi/vtune/2021.6.0/bin64/amplxe-runss -dump-vdso -r /home/taha/benchmark/bm_files/gcnPractise/cpu/r013hs --tmp-dir /tmp/amplxe-tmp-taha' returned 0
390 [139808423524096] INFO perfrun.itt <> - start itt controller for pid #3938
391 [139808423524096] INFO perfrun.tpss <> - start tpss controller for pid #3938
441 [139808554321728] INFO perfrun.launcher <> - Launcher: all plugins were started
441 [139808554321728] INFO perfrun.launcher <> - DirectoryMonitor object was created
442 [139808554321728] INFO perfrun.launcher <> - DirectoryMonitor: a callback was added
442 [139808554321728] INFO perfrun.launcher <> - DirectoryMonitor was started with pingTime = 1000
442 [139808554321728] INFO perfrun.launcher <> - DeadlineTimer is going to be constructed
442 [139808554321728] INFO perfrun.launcher <> - DeadlineTimer: a callback was added
447 [139808554321728] INFO perfrun.launcher <> - Launcher: resume the profiled application and  wait its termination or stop command
868 [139808554321728] INFO perfrun.launcher <> - Launcher: the profiled application was terminated  with exit code = 2
886 [139808423524096] INFO perfrun.itt <> - stop itt controller
886 [139808423524096] INFO perfrun.itt <> - detach itt controller
886 [139808423524096] INFO perfrun.tpss <> - stop tpss controller
886 [139808423524096] INFO perfrun.sdk <> - De-allocating TMU: /home/taha/benchmark/bm_files/gcnPractise/cpu/r013hs/data.0/systemcollector-3933-erciyes.sc
886 [139808423524096] INFO perfrun.system <> - closed the system trace file: /home/taha/benchmark/bm_files/gcnPractise/cpu/r013hs/data.0/systemcollector-3933-erciyes.sc
887 [139808554321728] INFO perfrun.launcher <> - Launcher: all plugins were stopped.
887 [139808554321728] INFO perfrun.launcher <> - DeadlineTimer is going to be destroyed
887 [139808554321728] INFO perfrun.launcher <> - DeadlineTimer was destroyed
887 [139808554321728] INFO perfrun.launcher <> - DirectoryMonitor object was destroyed
887 [139808554321728] WARN perfrun.launcher <> - Stop command is ignored because it is received when collection is already stopped, at file: vcs/perfrun1/launcher/src/command_handler.cpp:212
888 [139808554321728] INFO perfrun.launcher <> - Application exit code: 2
888 [139808554321728] INFO perfrun.launcher <> - Exit code: 4
