11 [140705188214592] INFO perfrun.launcher <> - Launcher main begin
12 [140705188214592] INFO perfrun.launcher <> - MessageCatalogInit finished
12 [140705188214592] INFO perfrun.launcher <> - Launcher instance created
12 [140705188214592] INFO perfrun.launcher <> - argc = 7; cmdline = /home/taha/intel/oneapi/vtune/2021.6.0/bin64/amplxe-runss --ui-output-format xml --ui-output-fd 5 --option-file /home/taha/benchmark/bm_files/gcnPractise/cpu/r009ps/config/runss.options 
59 [140705188214592] INFO perfrun.launcher <> - create msngr2::ICliToolContext
59 [140705188214592] INFO perfrun.launcher <> - create file finder object
59 [140705188214592] INFO perfrun.launcher <> - create a result directory: pattern = /home/taha/benchmark/bm_files/gcnPractise/cpu/r009ps pid = 4294967295
62 [140705188214592] INFO perfrun.sdk <> - checked that the directory /home/taha/benchmark/bm_files/gcnPractise/cpu/r009ps is a local directory
62 [140705188214592] INFO perfrun.sdk <> - the directory /home/taha/benchmark/bm_files/gcnPractise/cpu/r009ps is a local directory with FS type ID 61267
62 [140705188214592] INFO perfrun.launcher <> - create data directory = /home/taha/benchmark/bm_files/gcnPractise/cpu/r009ps/data.0
62 [140705188214592] INFO perfrun.launcher <> - Creating the master collection flag
67 [140705188214592] INFO perfrun.launcher <> - Done creating the master collection flag
80 [140705057416960] INFO perfrun.launcher <> - plugin [remoteplug] was disabled because it doesn't support the given collection type.
81 [140705057416960] INFO perfrun.sdk <> - Allocating TMU :/home/taha/benchmark/bm_files/gcnPractise/cpu/r009ps/data.0/systemcollector-3591-erciyes.sc
81 [140705057416960] INFO perfrun.system <> - Tpss based collection
81 [140705057416960] INFO perfrun.launcher <> - plugin [ptracecollector] was disabled because it doesn't support the given collection type.
81 [140705057416960] INFO perfrun.launcher <> - plugin [gpu] was disabled because it doesn't support the given collection type.
81 [140705057416960] INFO perfrun.launcher <> - plugin [] was disabled because it doesn't support the given collection type.
81 [140705057416960] INFO perfrun.launcher <> - plugin [] was disabled because it doesn't support the given collection type.
81 [140705057416960] INFO perfrun.launcher <> - plugin [] was disabled because it doesn't support the given collection type.
81 [140705057416960] INFO perfrun.mrte <> - system-wide mode is 0
81 [140705057416960] INFO perfrun.mrte <> - Getting  mrte profiling environment ...
106 [140705057416960] INFO perfrun.mrte <> - INTEL_MRTE_DATA_DIR=/home/taha/benchmark/bm_files/gcnPractise/cpu/r009ps/data.0
106 [140705057416960] INFO perfrun.mrte <> - INTEL_MRTE_HOST_NAME=erciyes
106 [140705057416960] INFO perfrun.mrte <> - JAVA_TOOL_OPTIONS=-agentlib:amplxe_tpssmrte_javaprof_1.0 -Dsun.boot.library.path=/home/taha/intel/oneapi/vtune/2021.6.0/lib32/runtime:/home/taha/intel/oneapi/vtune/2021.6.0/lib64/runtime
106 [140705057416960] INFO perfrun.mrte <> - Data directory: /home/taha/benchmark/bm_files/gcnPractise/cpu/r009ps/data.0
106 [140705057416960] INFO perfrun.mrte <> - Mrte plugin is initialized
106 [140705057416960] INFO perfrun.launcher <> - plugin [emon] was disabled because it doesn't support the given collection type.
106 [140705057416960] INFO perfrun.launcher <> - plugin [cuscol] was disabled because it doesn't support the given collection type.
106 [140705057416960] INFO perfrun.launcher <> - plugin [stdsrc] was disabled because it doesn't support the given collection type.
106 [140705057416960] INFO perfrun.launcher <> - plugin [sep] was disabled because it doesn't support the given collection type.
106 [140705057416960] INFO perfrun.launcher <> - plugin [vtsspp] was disabled because it doesn't support the given collection type.
106 [140705057416960] INFO perfrun.launcher <> - plugin [perf] was disabled because it doesn't support the given collection type.
106 [140705057416960] INFO perfrun.launcher <> - plugin [aoclprofile] was disabled because it doesn't support the given collection type.
106 [140705057416960] INFO perfrun.tpss <> - initialize tpss controller
106 [140705057416960] INFO perfrun.tpss <> - configure collection mode: value = cpu:counters:nostack
106 [140705057416960] INFO perfrun.tpss <> - configure collection mode: value = cpu:nostack
106 [140705057416960] INFO perfrun.tpss <> - default obj-size-min=1024
106 [140705057416960] INFO perfrun.tpss <> - default hash-table-size=0
106 [140705057416960] INFO perfrun.launcher <> - plugin [exprof] was disabled because it doesn't support the given collection type.
106 [140705057416960] INFO perfrun.launcher <> - plugin [media] was disabled because it doesn't support the given collection type.
106 [140705057416960] INFO perfrun.launcher <> - plugin [] was disabled because it doesn't support the given collection type.
106 [140705057416960] INFO perfrun.launcher <> - plugin [] was disabled because it doesn't support the given collection type.
106 [140705057416960] INFO perfrun.launcher <> - plugin [parallelfs] was disabled because it doesn't support the given collection type.
106 [140705057416960] INFO perfrun.launcher <> - plugin [power] was disabled because it doesn't support the given collection type.
106 [140705057416960] INFO perfrun.launcher <> - plugin [hwloc] was disabled because it doesn't support the given collection type.
106 [140705057416960] INFO perfrun.launcher <> - plugin [ipmwatch] was disabled because it doesn't support the given collection type.
106 [140705057416960] INFO perfrun.launcher <> - plugin [os_counters] was disabled because it doesn't support the given collection type.
107 [140705188214592] INFO perfrun.launcher <> - set environment variable: LD_LIBRARY_PATH = /home/taha/intel/oneapi/vtune/2021.6.0/lib32/runtime:/home/taha/intel/oneapi/vtune/2021.6.0/lib64/runtime
107 [140705188214592] INFO perfrun.launcher <> - set environment variable: INTEL_LIBITTNOTIFY32 = /home/taha/intel/oneapi/vtune/2021.6.0/lib32/runtime/libittnotify_collector.so
107 [140705188214592] INFO perfrun.launcher <> - set environment variable: INTEL_LIBITTNOTIFY64 = /home/taha/intel/oneapi/vtune/2021.6.0/lib64/runtime/libittnotify_collector.so
107 [140705188214592] INFO perfrun.launcher <> - set environment variable: INTEL_ITTNOTIFY_GROUPS = 
107 [140705188214592] INFO perfrun.launcher <> - set environment variable: INTEL_JIT_PROFILER32 = /home/taha/intel/oneapi/vtune/2021.6.0/lib32/runtime/libittnotify_collector.so
107 [140705188214592] INFO perfrun.launcher <> - set environment variable: INTEL_JIT_PROFILER64 = /home/taha/intel/oneapi/vtune/2021.6.0/lib64/runtime/libittnotify_collector.so
107 [140705188214592] INFO perfrun.launcher <> - set environment variable: VS_PROFILER = libittnotify_collector.so
107 [140705188214592] INFO perfrun.launcher <> - set environment variable: OMP_TOOL_LIBRARIES = /home/taha/intel/oneapi/vtune/2021.6.0/lib32/runtime/libittnotify_collector.so:/home/taha/intel/oneapi/vtune/2021.6.0/lib64/runtime/libittnotify_collector.so
107 [140705188214592] INFO perfrun.launcher <> - set environment variable: ENABLE_JITPROFILING = 1
107 [140705188214592] INFO perfrun.launcher <> - set environment variable: CL_CONFIG_USE_VTUNE = True
107 [140705188214592] INFO perfrun.launcher <> - set environment variable: KMP_FORKJOIN_FRAMES = 0
107 [140705188214592] INFO perfrun.launcher <> - set environment variable: KMP_FORKJOIN_FRAMES_MODE = 0
107 [140705188214592] INFO perfrun.launcher <> - set environment variable: OMP_TOOL = disabled
107 [140705188214592] INFO perfrun.launcher <> - set environment variable: INTEL_MRTE_DATA_DIR = /home/taha/benchmark/bm_files/gcnPractise/cpu/r009ps/data.0
107 [140705188214592] INFO perfrun.launcher <> - set environment variable: INTEL_MRTE_HOST_NAME = erciyes
107 [140705188214592] INFO perfrun.launcher <> - set environment variable: JAVA_TOOL_OPTIONS = -agentlib:amplxe_tpssmrte_javaprof_1.0 -Dsun.boot.library.path=/home/taha/intel/oneapi/vtune/2021.6.0/lib32/runtime:/home/taha/intel/oneapi/vtune/2021.6.0/lib64/runtime
107 [140705188214592] INFO perfrun.launcher <> - RpcServer: run RPC server to handle requests
108 [140705188214592] ERROR perfrun.launcher <> - Messenger::say: Binary `GCN_PyG.py' cannot be executed. Suggestion: Make sure the file exists, specified location is correct, and you have privileges to run the file.
109 [140705188214592] INFO perfrun.launcher <> - Application exit code: 0
109 [140705188214592] INFO perfrun.launcher <> - Exit code: 1
